<?xml version="1.0" encoding="UTF-8"?>
<testng-results skipped="0" failed="0" ignored="0" total="1" passed="1">
  <reporter-output>
  </reporter-output>
  <suite name="Default suite" duration-ms="33727" started-at="2019-06-29T18:13:22Z" finished-at="2019-06-29T18:13:55Z">
    <groups>
    </groups>
    <test name="Default test" duration-ms="33727" started-at="2019-06-29T18:13:22Z" finished-at="2019-06-29T18:13:55Z">
      <class name="com.qa.barcode.BarCodeTest">
        <test-method status="PASS" signature="barCodeTest()[pri:0, instance:com.qa.barcode.BarCodeTest@4501b7af]" name="barCodeTest" duration-ms="33448" started-at="2019-06-29T18:13:22Z" finished-at="2019-06-29T18:13:55Z">
          <reporter-output>
          </reporter-output>
        </test-method> <!-- barCodeTest -->
      </class> <!-- com.qa.barcode.BarCodeTest -->
    </test> <!-- Default test -->
  </suite> <!-- Default suite -->
</testng-results>
